{"total": {"lines":{"total":920,"covered":667,"skipped":0,"pct":72.5},"statements":{"total":920,"covered":667,"skipped":0,"pct":72.5},"functions":{"total":82,"covered":69,"skipped":0,"pct":84.14},"branches":{"total":294,"covered":194,"skipped":0,"pct":65.98},"branchesTrue":{"total":0,"covered":0,"skipped":0,"pct":100}}
,"D:\\projects\\pythonProjects\\laufTrainer\\lauftrainer-app\\frontend\\src\\analysis\\analysisEngine.ts": {"lines":{"total":228,"covered":220,"skipped":0,"pct":96.49},"functions":{"total":19,"covered":18,"skipped":0,"pct":94.73},"statements":{"total":228,"covered":220,"skipped":0,"pct":96.49},"branches":{"total":97,"covered":66,"skipped":0,"pct":68.04}}
,"D:\\projects\\pythonProjects\\laufTrainer\\lauftrainer-app\\frontend\\src\\analysis\\analysisService.ts": {"lines":{"total":119,"covered":100,"skipped":0,"pct":84.03},"functions":{"total":11,"covered":9,"skipped":0,"pct":81.81},"statements":{"total":119,"covered":100,"skipped":0,"pct":84.03},"branches":{"total":27,"covered":22,"skipped":0,"pct":81.48}}
,"D:\\projects\\pythonProjects\\laufTrainer\\lauftrainer-app\\frontend\\src\\analysis\\localAnalysis.ts": {"lines":{"total":53,"covered":46,"skipped":0,"pct":86.79},"functions":{"total":2,"covered":2,"skipped":0,"pct":100},"statements":{"total":53,"covered":46,"skipped":0,"pct":86.79},"branches":{"total":13,"covered":4,"skipped":0,"pct":30.76}}
,"D:\\projects\\pythonProjects\\laufTrainer\\lauftrainer-app\\frontend\\src\\db\\database.ts": {"lines":{"total":92,"covered":76,"skipped":0,"pct":82.6},"functions":{"total":23,"covered":18,"skipped":0,"pct":78.26},"statements":{"total":92,"covered":76,"skipped":0,"pct":82.6},"branches":{"total":37,"covered":35,"skipped":0,"pct":94.59}}
,"D:\\projects\\pythonProjects\\laufTrainer\\lauftrainer-app\\frontend\\src\\parsers\\csv.ts": {"lines":{"total":81,"covered":78,"skipped":0,"pct":96.29},"functions":{"total":7,"covered":7,"skipped":0,"pct":100},"statements":{"total":81,"covered":78,"skipped":0,"pct":96.29},"branches":{"total":42,"covered":30,"skipped":0,"pct":71.42}}
,"D:\\projects\\pythonProjects\\laufTrainer\\lauftrainer-app\\frontend\\src\\parsers\\fit.ts": {"lines":{"total":70,"covered":0,"skipped":0,"pct":0},"functions":{"total":1,"covered":0,"skipped":0,"pct":0},"statements":{"total":70,"covered":0,"skipped":0,"pct":0},"branches":{"total":1,"covered":0,"skipped":0,"pct":0}}
,"D:\\projects\\pythonProjects\\laufTrainer\\lauftrainer-app\\frontend\\src\\parsers\\gpx.ts": {"lines":{"total":62,"covered":62,"skipped":0,"pct":100},"functions":{"total":5,"covered":5,"skipped":0,"pct":100},"statements":{"total":62,"covered":62,"skipped":0,"pct":100},"branches":{"total":21,"covered":13,"skipped":0,"pct":61.9}}
,"D:\\projects\\pythonProjects\\laufTrainer\\lauftrainer-app\\frontend\\src\\parsers\\json.ts": {"lines":{"total":31,"covered":30,"skipped":0,"pct":96.77},"functions":{"total":2,"covered":2,"skipped":0,"pct":100},"statements":{"total":31,"covered":30,"skipped":0,"pct":96.77},"branches":{"total":23,"covered":2,"skipped":0,"pct":8.69}}
,"D:\\projects\\pythonProjects\\laufTrainer\\lauftrainer-app\\frontend\\src\\parsers\\tcx.ts": {"lines":{"total":38,"covered":38,"skipped":0,"pct":100},"functions":{"total":3,"covered":3,"skipped":0,"pct":100},"statements":{"total":38,"covered":38,"skipped":0,"pct":100},"branches":{"total":22,"covered":16,"skipped":0,"pct":72.72}}
,"D:\\projects\\pythonProjects\\laufTrainer\\lauftrainer-app\\frontend\\src\\services\\aiService.ts": {"lines":{"total":22,"covered":0,"skipped":0,"pct":0},"functions":{"total":1,"covered":1,"skipped":0,"pct":100},"statements":{"total":22,"covered":0,"skipped":0,"pct":0},"branches":{"total":1,"covered":1,"skipped":0,"pct":100}}
,"D:\\projects\\pythonProjects\\laufTrainer\\lauftrainer-app\\frontend\\src\\services\\api.ts": {"lines":{"total":3,"covered":0,"skipped":0,"pct":0},"functions":{"total":1,"covered":0,"skipped":0,"pct":0},"statements":{"total":3,"covered":0,"skipped":0,"pct":0},"branches":{"total":1,"covered":0,"skipped":0,"pct":0}}
,"D:\\projects\\pythonProjects\\laufTrainer\\lauftrainer-app\\frontend\\src\\services\\connectorService.ts": {"lines":{"total":60,"covered":0,"skipped":0,"pct":0},"functions":{"total":1,"covered":1,"skipped":0,"pct":100},"statements":{"total":60,"covered":0,"skipped":0,"pct":0},"branches":{"total":1,"covered":1,"skipped":0,"pct":100}}
,"D:\\projects\\pythonProjects\\laufTrainer\\lauftrainer-app\\frontend\\src\\services\\importService.ts": {"lines":{"total":36,"covered":0,"skipped":0,"pct":0},"functions":{"total":1,"covered":1,"skipped":0,"pct":100},"statements":{"total":36,"covered":0,"skipped":0,"pct":0},"branches":{"total":1,"covered":1,"skipped":0,"pct":100}}
,"D:\\projects\\pythonProjects\\laufTrainer\\lauftrainer-app\\frontend\\src\\services\\logger.ts": {"lines":{"total":24,"covered":17,"skipped":0,"pct":70.83},"functions":{"total":4,"covered":2,"skipped":0,"pct":50},"statements":{"total":24,"covered":17,"skipped":0,"pct":70.83},"branches":{"total":6,"covered":3,"skipped":0,"pct":50}}
,"D:\\projects\\pythonProjects\\laufTrainer\\lauftrainer-app\\frontend\\src\\services\\polarService.ts": {"lines":{"total":1,"covered":0,"skipped":0,"pct":0},"functions":{"total":1,"covered":0,"skipped":0,"pct":0},"statements":{"total":1,"covered":0,"skipped":0,"pct":0},"branches":{"total":1,"covered":0,"skipped":0,"pct":0}}
}
