{"total": {"lines":{"total":1795,"covered":1280,"skipped":0,"pct":71.3},"statements":{"total":1795,"covered":1280,"skipped":0,"pct":71.3},"functions":{"total":176,"covered":120,"skipped":0,"pct":68.18},"branches":{"total":534,"covered":384,"skipped":0,"pct":71.91},"branchesTrue":{"total":0,"covered":0,"skipped":0,"pct":100}}
,"D:\\projects\\pythonProjects\\laufTrainer\\lauftrainer-app\\frontend\\src\\analysis\\analysisEngine.ts": {"lines":{"total":270,"covered":258,"skipped":0,"pct":95.55},"functions":{"total":21,"covered":20,"skipped":0,"pct":95.23},"statements":{"total":270,"covered":258,"skipped":0,"pct":95.55},"branches":{"total":117,"covered":85,"skipped":0,"pct":72.64}}
,"D:\\projects\\pythonProjects\\laufTrainer\\lauftrainer-app\\frontend\\src\\analysis\\analysisService.ts": {"lines":{"total":118,"covered":99,"skipped":0,"pct":83.89},"functions":{"total":10,"covered":8,"skipped":0,"pct":80},"statements":{"total":118,"covered":99,"skipped":0,"pct":83.89},"branches":{"total":28,"covered":23,"skipped":0,"pct":82.14}}
,"D:\\projects\\pythonProjects\\laufTrainer\\lauftrainer-app\\frontend\\src\\analysis\\localAnalysis.ts": {"lines":{"total":65,"covered":65,"skipped":0,"pct":100},"functions":{"total":1,"covered":1,"skipped":0,"pct":100},"statements":{"total":65,"covered":65,"skipped":0,"pct":100},"branches":{"total":18,"covered":12,"skipped":0,"pct":66.66}}
,"D:\\projects\\pythonProjects\\laufTrainer\\lauftrainer-app\\frontend\\src\\db\\database.ts": {"lines":{"total":340,"covered":278,"skipped":0,"pct":81.76},"functions":{"total":60,"covered":40,"skipped":0,"pct":66.66},"statements":{"total":340,"covered":278,"skipped":0,"pct":81.76},"branches":{"total":111,"covered":93,"skipped":0,"pct":83.78}}
,"D:\\projects\\pythonProjects\\laufTrainer\\lauftrainer-app\\frontend\\src\\parsers\\csv.ts": {"lines":{"total":83,"covered":80,"skipped":0,"pct":96.38},"functions":{"total":7,"covered":7,"skipped":0,"pct":100},"statements":{"total":83,"covered":80,"skipped":0,"pct":96.38},"branches":{"total":43,"covered":30,"skipped":0,"pct":69.76}}
,"D:\\projects\\pythonProjects\\laufTrainer\\lauftrainer-app\\frontend\\src\\parsers\\fit.ts": {"lines":{"total":77,"covered":4,"skipped":0,"pct":5.19},"functions":{"total":3,"covered":0,"skipped":0,"pct":0},"statements":{"total":77,"covered":4,"skipped":0,"pct":5.19},"branches":{"total":0,"covered":0,"skipped":0,"pct":100}}
,"D:\\projects\\pythonProjects\\laufTrainer\\lauftrainer-app\\frontend\\src\\parsers\\gpx.ts": {"lines":{"total":62,"covered":62,"skipped":0,"pct":100},"functions":{"total":5,"covered":5,"skipped":0,"pct":100},"statements":{"total":62,"covered":62,"skipped":0,"pct":100},"branches":{"total":21,"covered":13,"skipped":0,"pct":61.9}}
,"D:\\projects\\pythonProjects\\laufTrainer\\lauftrainer-app\\frontend\\src\\parsers\\json.ts": {"lines":{"total":40,"covered":39,"skipped":0,"pct":97.5},"functions":{"total":2,"covered":2,"skipped":0,"pct":100},"statements":{"total":40,"covered":39,"skipped":0,"pct":97.5},"branches":{"total":23,"covered":2,"skipped":0,"pct":8.69}}
,"D:\\projects\\pythonProjects\\laufTrainer\\lauftrainer-app\\frontend\\src\\parsers\\tcx.ts": {"lines":{"total":44,"covered":44,"skipped":0,"pct":100},"functions":{"total":3,"covered":3,"skipped":0,"pct":100},"statements":{"total":44,"covered":44,"skipped":0,"pct":100},"branches":{"total":28,"covered":18,"skipped":0,"pct":64.28}}
,"D:\\projects\\pythonProjects\\laufTrainer\\lauftrainer-app\\frontend\\src\\services\\aiService.ts": {"lines":{"total":112,"covered":74,"skipped":0,"pct":66.07},"functions":{"total":3,"covered":1,"skipped":0,"pct":33.33},"statements":{"total":112,"covered":74,"skipped":0,"pct":66.07},"branches":{"total":18,"covered":9,"skipped":0,"pct":50}}
,"D:\\projects\\pythonProjects\\laufTrainer\\lauftrainer-app\\frontend\\src\\services\\api.ts": {"lines":{"total":3,"covered":3,"skipped":0,"pct":100},"functions":{"total":0,"covered":0,"skipped":0,"pct":100},"statements":{"total":3,"covered":3,"skipped":0,"pct":100},"branches":{"total":1,"covered":0,"skipped":0,"pct":0}}
,"D:\\projects\\pythonProjects\\laufTrainer\\lauftrainer-app\\frontend\\src\\services\\billingService.ts": {"lines":{"total":26,"covered":9,"skipped":0,"pct":34.61},"functions":{"total":6,"covered":0,"skipped":0,"pct":0},"statements":{"total":26,"covered":9,"skipped":0,"pct":34.61},"branches":{"total":0,"covered":0,"skipped":0,"pct":100}}
,"D:\\projects\\pythonProjects\\laufTrainer\\lauftrainer-app\\frontend\\src\\services\\connectorService.ts": {"lines":{"total":71,"covered":4,"skipped":0,"pct":5.63},"functions":{"total":7,"covered":0,"skipped":0,"pct":0},"statements":{"total":71,"covered":4,"skipped":0,"pct":5.63},"branches":{"total":0,"covered":0,"skipped":0,"pct":100}}
,"D:\\projects\\pythonProjects\\laufTrainer\\lauftrainer-app\\frontend\\src\\services\\importService.ts": {"lines":{"total":95,"covered":8,"skipped":0,"pct":8.42},"functions":{"total":5,"covered":0,"skipped":0,"pct":0},"statements":{"total":95,"covered":8,"skipped":0,"pct":8.42},"branches":{"total":0,"covered":0,"skipped":0,"pct":100}}
,"D:\\projects\\pythonProjects\\laufTrainer\\lauftrainer-app\\frontend\\src\\services\\logger.ts": {"lines":{"total":24,"covered":17,"skipped":0,"pct":70.83},"functions":{"total":4,"covered":2,"skipped":0,"pct":50},"statements":{"total":24,"covered":17,"skipped":0,"pct":70.83},"branches":{"total":6,"covered":3,"skipped":0,"pct":50}}
,"D:\\projects\\pythonProjects\\laufTrainer\\lauftrainer-app\\frontend\\src\\services\\paddleService.ts": {"lines":{"total":45,"covered":0,"skipped":0,"pct":0},"functions":{"total":1,"covered":0,"skipped":0,"pct":0},"statements":{"total":45,"covered":0,"skipped":0,"pct":0},"branches":{"total":1,"covered":0,"skipped":0,"pct":0}}
,"D:\\projects\\pythonProjects\\laufTrainer\\lauftrainer-app\\frontend\\src\\services\\polarService.ts": {"lines":{"total":1,"covered":0,"skipped":0,"pct":0},"functions":{"total":1,"covered":0,"skipped":0,"pct":0},"statements":{"total":1,"covered":0,"skipped":0,"pct":0},"branches":{"total":1,"covered":0,"skipped":0,"pct":0}}
,"D:\\projects\\pythonProjects\\laufTrainer\\lauftrainer-app\\frontend\\src\\services\\workoutIdentity.ts": {"lines":{"total":52,"covered":2,"skipped":0,"pct":3.84},"functions":{"total":2,"covered":0,"skipped":0,"pct":0},"statements":{"total":52,"covered":2,"skipped":0,"pct":3.84},"branches":{"total":0,"covered":0,"skipped":0,"pct":100}}
,"D:\\projects\\pythonProjects\\laufTrainer\\lauftrainer-app\\frontend\\src\\types\\defaults.ts": {"lines":{"total":44,"covered":44,"skipped":0,"pct":100},"functions":{"total":2,"covered":2,"skipped":0,"pct":100},"statements":{"total":44,"covered":44,"skipped":0,"pct":100},"branches":{"total":8,"covered":5,"skipped":0,"pct":62.5}}
,"D:\\projects\\pythonProjects\\laufTrainer\\lauftrainer-app\\frontend\\src\\utils\\analysisCharts.ts": {"lines":{"total":41,"covered":41,"skipped":0,"pct":100},"functions":{"total":4,"covered":4,"skipped":0,"pct":100},"statements":{"total":41,"covered":41,"skipped":0,"pct":100},"branches":{"total":19,"covered":18,"skipped":0,"pct":94.73}}
,"D:\\projects\\pythonProjects\\laufTrainer\\lauftrainer-app\\frontend\\src\\utils\\clone.ts": {"lines":{"total":3,"covered":3,"skipped":0,"pct":100},"functions":{"total":1,"covered":1,"skipped":0,"pct":100},"statements":{"total":3,"covered":3,"skipped":0,"pct":100},"branches":{"total":1,"covered":1,"skipped":0,"pct":100}}
,"D:\\projects\\pythonProjects\\laufTrainer\\lauftrainer-app\\frontend\\src\\utils\\dashboardUi.ts": {"lines":{"total":71,"covered":71,"skipped":0,"pct":100},"functions":{"total":9,"covered":9,"skipped":0,"pct":100},"statements":{"total":71,"covered":71,"skipped":0,"pct":100},"branches":{"total":56,"covered":53,"skipped":0,"pct":94.64}}
,"D:\\projects\\pythonProjects\\laufTrainer\\lauftrainer-app\\frontend\\src\\utils\\formatters.ts": {"lines":{"total":72,"covered":39,"skipped":0,"pct":54.16},"functions":{"total":11,"covered":7,"skipped":0,"pct":63.63},"statements":{"total":72,"covered":39,"skipped":0,"pct":54.16},"branches":{"total":23,"covered":9,"skipped":0,"pct":39.13}}
,"D:\\projects\\pythonProjects\\laufTrainer\\lauftrainer-app\\frontend\\src\\utils\\planDates.ts": {"lines":{"total":20,"covered":20,"skipped":0,"pct":100},"functions":{"total":4,"covered":4,"skipped":0,"pct":100},"statements":{"total":20,"covered":20,"skipped":0,"pct":100},"branches":{"total":5,"covered":5,"skipped":0,"pct":100}}
,"D:\\projects\\pythonProjects\\laufTrainer\\lauftrainer-app\\frontend\\src\\utils\\workoutSummary.ts": {"lines":{"total":16,"covered":16,"skipped":0,"pct":100},"functions":{"total":4,"covered":4,"skipped":0,"pct":100},"statements":{"total":16,"covered":16,"skipped":0,"pct":100},"branches":{"total":6,"covered":5,"skipped":0,"pct":83.33}}
}
